2025-07-18 11:54:35,903 - === Wi-Fi Auto IP Switcher Running ===
2025-07-18 11:54:35,905 - [\u2191] Requesting Admin privileges...
2025-07-18 11:54:37,879 - === Wi-Fi Auto IP Switcher Running ===
2025-07-18 11:54:37,882 - [INFO] Configuration loaded from existing config file.
2025-07-18 11:54:38,008 - [INFO] Connected to SSID: vivo Y29 5G
2025-07-18 11:54:38,008 - [INFO] Unknown SSID. Switching to DHCP...
2025-07-18 11:54:38,111 - [ERROR] Failed to set DHCP: Command '['netsh', 'interface', 'ip', 'set', 'address', 'Wi-Fi', 'dhcp']' returned non-zero exit status 1.
2025-07-18 11:59:11,577 - === Wi-Fi Auto IP Switcher Running ===
2025-07-18 11:59:11,580 - [\u2191] Requesting Admin privileges...
2025-07-18 11:59:13,683 - === Wi-Fi Auto IP Switcher Running ===
2025-07-18 11:59:13,687 - [INFO] Configuration loaded from existing config file.
2025-07-18 11:59:13,846 - [INFO] Connected to SSID: vivo Y29 5G
2025-07-18 11:59:13,846 - [INFO] Unknown SSID. Switching to DHCP...
2025-07-18 11:59:13,967 - [ERROR] Failed to set DHCP: Command '['netsh', 'interface', 'ip', 'set', 'address', 'Wi-Fi', 'dhcp']' returned non-zero exit status 1.
2025-07-18 11:59:44,403 - [INFO] Connected to SSID: periyar_univ
2025-07-18 11:59:44,495 - [+] Applying static IP configuration...
2025-07-18 11:59:44,981 - [\u2713] Static IP and DNS set: 172.16.36.41, DNS: 8.8.8.8, 4.2.2.2
2025-07-18 12:00:05,339 - [INFO] Connected to SSID: vivo Y29 5G
2025-07-18 12:00:05,340 - [INFO] Unknown SSID. Switching to DHCP...
2025-07-18 12:00:05,920 - [\u2713] Switched to DHCP.
2025-07-18 12:04:58,831 - === Wi-Fi Auto IP Switcher Running ===
2025-07-18 12:04:58,836 - [\u2191] Requesting Admin privileges...
2025-07-18 12:05:01,137 - === Wi-Fi Auto IP Switcher Running ===
2025-07-18 12:05:01,142 - [INFO] Configuration loaded from existing config file.
2025-07-18 12:05:01,282 - [INFO] Connected to SSID: vivo Y29 5G
2025-07-18 12:05:01,282 - [INFO] Unknown SSID. Switching to DHCP...
2025-07-18 12:05:01,397 - [ERROR] Failed to set DHCP: Command '['netsh', 'interface', 'ip', 'set', 'address', 'Wi-Fi', 'dhcp']' returned non-zero exit status 1.
2025-07-18 12:05:12,938 - [INFO] Exiting the application.
2025-07-18 12:05:14,886 - [INFO] Opened IP configuration.
2025-07-18 12:06:15,840 - === Wi-Fi Auto IP Switcher Running ===
2025-07-18 12:06:15,840 - [\u2191] Requesting Admin privileges...
2025-07-18 12:06:17,877 - === Wi-Fi Auto IP Switcher Running ===
2025-07-18 12:06:17,880 - [INFO] Configuration loaded from existing config file.
2025-07-18 12:06:18,018 - [INFO] Connected to SSID: vivo Y29 5G
2025-07-18 12:06:18,018 - [INFO] Unknown SSID. Switching to DHCP...
2025-07-18 12:06:18,147 - [ERROR] Failed to set DHCP: Command '['netsh', 'interface', 'ip', 'set', 'address', 'Wi-Fi', 'dhcp']' returned non-zero exit status 1.
2025-07-18 12:09:33,556 - === Wi-Fi Auto IP Switcher Running ===
2025-07-18 12:09:33,556 - [\u2191] Requesting Admin privileges...
2025-07-18 12:09:35,532 - === Wi-Fi Auto IP Switcher Running ===
2025-07-18 12:09:35,673 - [INFO] Connected to SSID: vivo Y29 5G
2025-07-18 12:09:35,673 - [INFO] Unknown SSID. Switching to DHCP...
2025-07-18 12:09:35,793 - [ERROR] Failed to set DHCP: Command '['netsh', 'interface', 'ip', 'set', 'address', 'Wi-Fi', 'dhcp']' returned non-zero exit status 1.
2025-07-18 12:09:40,978 - [INFO] Exiting the application.
2025-07-18 12:09:43,623 - [INFO] Exiting the application.
2025-07-18 12:09:50,091 - === Wi-Fi Auto IP Switcher Running ===
2025-07-18 12:09:50,093 - [\u2191] Requesting Admin privileges...
2025-07-18 12:09:56,576 - === Wi-Fi Auto IP Switcher Running ===
2025-07-18 12:09:56,576 - [\u2191] Requesting Admin privileges...
2025-07-18 12:09:58,077 - === Wi-Fi Auto IP Switcher Running ===
2025-07-18 12:09:58,225 - [INFO] Connected to SSID: vivo Y29 5G
2025-07-18 12:09:58,225 - [INFO] Unknown SSID. Switching to DHCP...
2025-07-18 12:09:58,360 - [ERROR] Failed to set DHCP: Command '['netsh', 'interface', 'ip', 'set', 'address', 'Wi-Fi', 'dhcp']' returned non-zero exit status 1.
2025-07-18 12:10:04,192 - [INFO] Opened IP configuration.
2025-07-18 12:10:08,495 - [INFO] Connected to SSID: vivo Y29 5G
2025-07-18 12:10:08,496 - [INFO] Unknown SSID. Switching to DHCP...
2025-07-18 12:10:08,622 - [ERROR] Failed to set DHCP: Command '['netsh', 'interface', 'ip', 'set', 'address', 'Wi-Fi', 'dhcp']' returned non-zero exit status 1.
2025-07-18 12:10:18,757 - [INFO] Connected to SSID: vivo Y29 5G
2025-07-18 12:10:18,757 - [INFO] Unknown SSID. Switching to DHCP...
2025-07-18 12:10:18,880 - [ERROR] Failed to set DHCP: Command '['netsh', 'interface', 'ip', 'set', 'address', 'Wi-Fi', 'dhcp']' returned non-zero exit status 1.
2025-07-18 12:14:11,222 - === Wi-Fi Auto IP Switcher Running ===
2025-07-18 12:14:11,225 - [\u2191] Requesting Admin privileges...
2025-07-18 12:14:13,313 - === Wi-Fi Auto IP Switcher Running ===
2025-07-18 12:14:13,469 - [INFO] Connected to SSID: vivo Y29 5G
2025-07-18 12:14:13,470 - [INFO] Unknown SSID. Switching to DHCP...
2025-07-18 12:14:13,593 - [ERROR] Failed to set DHCP: Command '['netsh', 'interface', 'ip', 'set', 'address', 'Wi-Fi', 'dhcp']' returned non-zero exit status 1.
2025-07-18 12:14:23,732 - [INFO] Connected to SSID: vivo Y29 5G
2025-07-18 12:14:23,732 - [INFO] Unknown SSID. Switching to DHCP...
2025-07-18 12:14:23,865 - [ERROR] Failed to set DHCP: Command '['netsh', 'interface', 'ip', 'set', 'address', 'Wi-Fi', 'dhcp']' returned non-zero exit status 1.
2025-07-18 12:14:34,006 - [INFO] Connected to SSID: vivo Y29 5G
2025-07-18 12:14:34,006 - [INFO] Unknown SSID. Switching to DHCP...
2025-07-18 12:14:34,127 - [ERROR] Failed to set DHCP: Command '['netsh', 'interface', 'ip', 'set', 'address', 'Wi-Fi', 'dhcp']' returned non-zero exit status 1.
2025-07-18 12:14:59,361 - === Wi-Fi Auto IP Switcher Running ===
2025-07-18 12:14:59,364 - [\u2191] Requesting Admin privileges...
2025-07-18 12:15:01,094 - === Wi-Fi Auto IP Switcher Running ===
2025-07-18 12:15:01,235 - [INFO] Connected to SSID: vivo Y29 5G
2025-07-18 12:15:01,235 - [INFO] Unknown SSID. Switching to DHCP...
2025-07-18 12:15:01,355 - [ERROR] Failed to set DHCP: Command '['netsh', 'interface', 'ip', 'set', 'address', 'Wi-Fi', 'dhcp']' returned non-zero exit status 1.
2025-07-18 12:15:11,498 - [INFO] Connected to SSID: vivo Y29 5G
2025-07-18 12:15:11,498 - [INFO] Unknown SSID. Switching to DHCP...
2025-07-18 12:15:11,620 - [ERROR] Failed to set DHCP: Command '['netsh', 'interface', 'ip', 'set', 'address', 'Wi-Fi', 'dhcp']' returned non-zero exit status 1.
2025-07-18 12:15:21,765 - [INFO] Connected to SSID: vivo Y29 5G
2025-07-18 12:15:21,765 - [INFO] Unknown SSID. Switching to DHCP...
2025-07-18 12:15:21,886 - [ERROR] Failed to set DHCP: Command '['netsh', 'interface', 'ip', 'set', 'address', 'Wi-Fi', 'dhcp']' returned non-zero exit status 1.
2025-07-18 12:15:32,028 - [INFO] Connected to SSID: vivo Y29 5G
2025-07-18 12:15:32,029 - [INFO] Unknown SSID. Switching to DHCP...
2025-07-18 12:17:37,675 - === Wi-Fi Auto IP Switcher Running ===
2025-07-18 12:17:37,677 - [\u2191] Requesting Admin privileges...
2025-07-18 12:17:39,774 - === Wi-Fi Auto IP Switcher Running ===
2025-07-18 12:18:31,600 - [INFO] Configuration saved for SSID periyar_univ.
2025-07-18 12:18:33,097 - [INFO] Connected to SSID: vivo Y29 5G
2025-07-18 12:18:33,097 - [INFO] Unknown SSID. Switching to DHCP...
2025-07-18 12:18:33,223 - [ERROR] Failed to set DHCP: Command '['netsh', 'interface', 'ip', 'set', 'address', 'Wi-Fi', 'dhcp']' returned non-zero exit status 1.
2025-07-18 12:18:43,373 - [INFO] Connected to SSID: vivo Y29 5G
2025-07-18 12:18:43,374 - [INFO] Unknown SSID. Switching to DHCP...
2025-07-18 12:18:43,496 - [ERROR] Failed to set DHCP: Command '['netsh', 'interface', 'ip', 'set', 'address', 'Wi-Fi', 'dhcp']' returned non-zero exit status 1.
2025-07-18 12:18:53,631 - [INFO] Connected to SSID: vivo Y29 5G
2025-07-18 12:18:53,631 - [INFO] Unknown SSID. Switching to DHCP...
2025-07-18 12:18:53,758 - [ERROR] Failed to set DHCP: Command '['netsh', 'interface', 'ip', 'set', 'address', 'Wi-Fi', 'dhcp']' returned non-zero exit status 1.
2025-07-18 12:19:03,896 - [INFO] Connected to SSID: vivo Y29 5G
2025-07-18 12:19:03,896 - [INFO] Unknown SSID. Switching to DHCP...
2025-07-18 12:19:04,015 - [ERROR] Failed to set DHCP: Command '['netsh', 'interface', 'ip', 'set', 'address', 'Wi-Fi', 'dhcp']' returned non-zero exit status 1.
2025-07-18 12:19:14,159 - [INFO] Connected to SSID: vivo Y29 5G
2025-07-18 12:19:14,165 - [INFO] Unknown SSID. Switching to DHCP...
2025-07-18 12:19:14,291 - [ERROR] Failed to set DHCP: Command '['netsh', 'interface', 'ip', 'set', 'address', 'Wi-Fi', 'dhcp']' returned non-zero exit status 1.
2025-07-18 12:22:42,759 - === Wi-Fi Auto IP Switcher Running ===
2025-07-18 12:22:42,763 - [\u2191] Requesting Admin privileges...
2025-07-18 12:22:44,575 - === Wi-Fi Auto IP Switcher Running ===
2025-07-18 12:22:44,733 - [INFO] Connected to SSID: vivo Y29 5G
2025-07-18 12:22:44,733 - [INFO] Unknown SSID. Switching to DHCP...
2025-07-18 12:22:44,855 - [ERROR] Failed to set DHCP: Command '['netsh', 'interface', 'ip', 'set', 'address', 'Wi-Fi', 'dhcp']' returned non-zero exit status 1.
2025-07-18 12:22:54,995 - [INFO] Connected to SSID: vivo Y29 5G
2025-07-18 12:22:54,995 - [INFO] Unknown SSID. Switching to DHCP...
2025-07-18 12:22:55,123 - [ERROR] Failed to set DHCP: Command '['netsh', 'interface', 'ip', 'set', 'address', 'Wi-Fi', 'dhcp']' returned non-zero exit status 1.
2025-07-18 12:23:07,617 - === Wi-Fi Auto IP Switcher Running ===
2025-07-18 12:23:07,620 - [\u2191] Requesting Admin privileges...
2025-07-18 12:23:31,449 - === Wi-Fi Auto IP Switcher Running ===
2025-07-18 12:23:31,452 - [\u2191] Requesting Admin privileges...
2025-07-18 12:23:33,300 - === Wi-Fi Auto IP Switcher Running ===
2025-07-18 12:23:41,759 - [INFO] Configuration saved for SSID asd.
2025-07-18 12:23:43,789 - [INFO] Connected to SSID: vivo Y29 5G
2025-07-18 12:23:43,789 - [INFO] Unknown SSID. Switching to DHCP...
2025-07-18 12:23:43,917 - [ERROR] Failed to set DHCP: Command '['netsh', 'interface', 'ip', 'set', 'address', 'Wi-Fi', 'dhcp']' returned non-zero exit status 1.
2025-07-18 12:23:54,071 - [INFO] Connected to SSID: vivo Y29 5G
2025-07-18 12:23:54,071 - [INFO] Unknown SSID. Switching to DHCP...
2025-07-18 12:23:54,196 - [ERROR] Failed to set DHCP: Command '['netsh', 'interface', 'ip', 'set', 'address', 'Wi-Fi', 'dhcp']' returned non-zero exit status 1.
2025-07-18 12:24:04,340 - [INFO] Connected to SSID: vivo Y29 5G
2025-07-18 12:24:04,340 - [INFO] Unknown SSID. Switching to DHCP...
2025-07-18 12:24:04,478 - [ERROR] Failed to set DHCP: Command '['netsh', 'interface', 'ip', 'set', 'address', 'Wi-Fi', 'dhcp']' returned non-zero exit status 1.
2025-07-18 12:24:14,633 - [INFO] Connected to SSID: vivo Y29 5G
2025-07-18 12:24:14,633 - [INFO] Unknown SSID. Switching to DHCP...
2025-07-18 12:24:14,762 - [ERROR] Failed to set DHCP: Command '['netsh', 'interface', 'ip', 'set', 'address', 'Wi-Fi', 'dhcp']' returned non-zero exit status 1.
